<?xml version="1.0" encoding="UTF-8"?>
<!-- Generated by org.testng.reporters.JUnitReportReporter -->
<testsuite hostname="LAPTOP-08RTMETI" failures="0" tests="5" name="com.autotest.tests.LoginPageTests" time="12.521" errors="0" timestamp="2024-07-16T17:05:59 IST" skipped="0">
  <testcase classname="com.autotest.tests.LoginPageTests" name="ValidLoginwithStandardUser" time="2.415"/>
  <testcase classname="com.autotest.tests.LoginPageTests" name="InvalidLoginWithIncorrectPassword" time="2.389"/>
  <testcase classname="com.autotest.tests.LoginPageTests" name="InvalidLoginWithIncorrectUserName" time="2.437"/>
  <testcase classname="com.autotest.tests.LoginPageTests" name="InvalidLoginWithLockedOutUser" time="3.159"/>
  <testcase classname="com.autotest.tests.LoginPageTests" name="InvalidLoginWithEmptyFields" time="2.121"/>
</testsuite> <!-- com.autotest.tests.LoginPageTests -->
